<?xml version="1.0" encoding="UTF-8"?>
<testsuite xmlns:xsi="http://www.w3.org/2001/XMLSchema-instance" xsi:noNamespaceSchemaLocation="https://maven.apache.org/surefire/maven-surefire-plugin/xsd/surefire-test-report.xsd" name="HMTest" time="0.035" tests="13" errors="0" skipped="0" failures="0">
  <properties>
[...]
</properties>
  <testcase name="size_test1" classname="HMTest" time="0.013"/>
  <testcase name="defconstr_test1" classname="HMTest" time="0.001"/>
  <testcase name="isempty_test1" classname="HMTest" time="0.001"/>
  <testcase name="isempty_test2" classname="HMTest" time="0"/>
  <testcase name="hmiterator_test1" classname="HMTest" time="0.006"/>
  <testcase name="hmiterator_test2" classname="HMTest" time="0.006"/>
  <testcase name="put_test1" classname="HMTest" time="0"/>
  <testcase name="get_test1" classname="HMTest" time="0"/>
  <testcase name="get_test2" classname="HMTest" time="0"/>
  <testcase name="replace_test1" classname="HMTest" time="0"/>
  <testcase name="contain_test1" classname="HMTest" time="0"/>
  <testcase name="contain_test2" classname="HMTest" time="0"/>
  <testcase name="regconstr_test1" classname="HMTest" time="0.001"/>
</testsuite>